[    0.000000] Initializing cgroup subsys cpuset
[    0.000000] Initializing cgroup subsys cpu
[    0.000000] Initializing cgroup subsys cpuacct
[    0.000000] Linux version 4.4.0-210-generic (buildd@lgw01-amd64-009) (gcc version 5.4.0 20160609 (Ubuntu 5.4.0-6ubuntu1~16.04.12) ) #242-Ubuntu SMP Fri Apr 16 09:57:56 UTC 2021 (Ubuntu 4.4.0-210.242-generic 4.4.262)
[    0.000000] Command line: BOOT_IMAGE=/boot/vmlinuz-4.4.0-210-generic root=LABEL=cloudimg-rootfs ro console=tty1 console=ttyS0
[    0.000000] KERNEL supported cpus:
[    0.000000]   Intel GenuineIntel
[    0.000000]   AMD AuthenticAMD
[    0.000000]   Centaur CentaurHauls
[    0.000000] x86/fpu: Legacy x87 FPU detected.
[    0.000000] e820: BIOS-provided physical RAM map:
[    0.000000] BIOS-e820: [mem 0x0000000000000000-0x000000000009fbff] usable
[    0.000000] BIOS-e820: [mem 0x000000000009fc00-0x000000000009ffff] reserved
[    0.000000] BIOS-e820: [mem 0x00000000000f0000-0x00000000000fffff] reserved
[    0.000000] BIOS-e820: [mem 0x0000000000100000-0x000000003ffeffff] usable
[    0.000000] BIOS-e820: [mem 0x000000003fff0000-0x000000003fffffff] ACPI data
[    0.000000] BIOS-e820: [mem 0x00000000fec00000-0x00000000fec00fff] reserved
[    0.000000] BIOS-e820: [mem 0x00000000fee00000-0x00000000fee00fff] reserved
[    0.000000] BIOS-e820: [mem 0x00000000fffc0000-0x00000000ffffffff] reserved
[    0.000000] NX (Execute Disable) protection: active
[    0.000000] SMBIOS 2.5 present.
[    0.000000] Hypervisor detected: KVM
[    0.000000] Kernel/User page tables isolation: disabled
[    0.000000] e820: last_pfn = 0x3fff0 max_arch_pfn = 0x400000000
[    0.000000] MTRR: Disabled
[    0.000000] x86/PAT: MTRRs disabled, skipping PAT initialization too.
[    0.000000] CPU MTRRs all blank - virtualized system.
[    0.000000] x86/PAT: Configuration [0-7]: WB  WT  UC- UC  WB  WT  UC- UC  
[    0.000000] found SMP MP-table at [mem 0x0009fff0-0x0009ffff] mapped at [ffff88000009fff0]
[    0.000000] Scanning 1 areas for low memory corruption
[    0.000000] RAMDISK: [mem 0x362dc000-0x37165fff]
[    0.000000] ACPI: Early table checksum verification disabled
[    0.000000] ACPI: RSDP 0x00000000000E0000 000024 (v02 VBOX  )
[    0.000000] ACPI: XSDT 0x000000003FFF0030 00003C (v01 VBOX   VBOXXSDT 00000001 ASL  00000061)
[    0.000000] ACPI: FACP 0x000000003FFF00F0 0000F4 (v04 VBOX   VBOXFACP 00000001 ASL  00000061)
[    0.000000] ACPI: DSDT 0x000000003FFF0470 002325 (v02 VBOX   VBOXBIOS 00000002 INTL 20100528)
[    0.000000] ACPI: FACS 0x000000003FFF0200 000040
[    0.000000] ACPI: FACS 0x000000003FFF0200 000040
[    0.000000] ACPI: APIC 0x000000003FFF0240 00005C (v02 VBOX   VBOXAPIC 00000001 ASL  00000061)
[    0.000000] ACPI: SSDT 0x000000003FFF02A0 0001CC (v01 VBOX   VBOXCPUT 00000002 INTL 20100528)
[    0.000000] No NUMA configuration found
[    0.000000] Faking a node at [mem 0x0000000000000000-0x000000003ffeffff]
[    0.000000] NODE_DATA(0) allocated [mem 0x3ffeb000-0x3ffeffff]
[    0.000000] kvm-clock: Using msrs 4b564d01 and 4b564d00
[    0.000000] kvm-clock: cpu 0, msr 0:3ffe3001, primary cpu clock
[    0.000000] kvm-clock: using sched offset of 3595796482 cycles
[    0.000000] clocksource: kvm-clock: mask: 0xffffffffffffffff max_cycles: 0x1cd42e4dffb, max_idle_ns: 881590591483 ns
[    0.000000] Zone ranges:
[    0.000000]   DMA      [mem 0x0000000000001000-0x0000000000ffffff]
[    0.000000]   DMA32    [mem 0x0000000001000000-0x000000003ffeffff]
[    0.000000]   Normal   empty
[    0.000000]   Device   empty
[    0.000000] Movable zone start for each node
[    0.000000] Early memory node ranges
[    0.000000]   node   0: [mem 0x0000000000001000-0x000000000009efff]
[    0.000000]   node   0: [mem 0x0000000000100000-0x000000003ffeffff]
[    0.000000] Initmem setup node 0 [mem 0x0000000000001000-0x000000003ffeffff]
[    0.000000] ACPI: PM-Timer IO Port: 0x4008
[    0.000000] IOAPIC[0]: apic_id 2, version 32, address 0xfec00000, GSI 0-23
[    0.000000] ACPI: INT_SRC_OVR (bus 0 bus_irq 0 global_irq 2 dfl dfl)
[    0.000000] ACPI: INT_SRC_OVR (bus 0 bus_irq 9 global_irq 9 low level)
[    0.000000] Using ACPI (MADT) for SMP configuration information
[    0.000000] smpboot: Allowing 2 CPUs, 0 hotplug CPUs
[    0.000000] PM: Registered nosave memory: [mem 0x00000000-0x00000fff]
[    0.000000] PM: Registered nosave memory: [mem 0x0009f000-0x0009ffff]
[    0.000000] PM: Registered nosave memory: [mem 0x000a0000-0x000effff]
[    0.000000] PM: Registered nosave memory: [mem 0x000f0000-0x000fffff]
[    0.000000] e820: [mem 0x40000000-0xfebfffff] available for PCI devices
[    0.000000] Booting paravirtualized kernel on KVM
[    0.000000] clocksource: refined-jiffies: mask: 0xffffffff max_cycles: 0xffffffff, max_idle_ns: 7645519600211568 ns
[    0.000000] setup_percpu: NR_CPUS:512 nr_cpumask_bits:512 nr_cpu_ids:2 nr_node_ids:1
[    0.000000] PERCPU: Embedded 33 pages/cpu @ffff88003fc00000 s95192 r8192 d31784 u1048576
[    0.000000] Built 1 zonelists in Node order, mobility grouping on.  Total pages: 257912
[    0.000000] Policy zone: DMA32
[    0.000000] Kernel command line: BOOT_IMAGE=/boot/vmlinuz-4.4.0-210-generic root=LABEL=cloudimg-rootfs ro console=tty1 console=ttyS0
[    0.000000] PID hash table entries: 4096 (order: 3, 32768 bytes)
[    0.000000] Memory: 997792K/1048120K available (8644K kernel code, 1332K rwdata, 4044K rodata, 1492K init, 1164K bss, 50328K reserved, 0K cma-reserved)
[    0.000000] SLUB: HWalign=64, Order=0-3, MinObjects=0, CPUs=2, Nodes=1
[    0.000000] Hierarchical RCU implementation.
[    0.000000] 	Build-time adjustment of leaf fanout to 64.
[    0.000000] 	RCU restricting CPUs from NR_CPUS=512 to nr_cpu_ids=2.
[    0.000000] RCU: Adjusting geometry for rcu_fanout_leaf=64, nr_cpu_ids=2
[    0.000000] NR_IRQS:33024 nr_irqs:440 16
[    0.000000] Console: colour VGA+ 80x25
[    0.000000] console [tty1] enabled
[    0.000000] console [ttyS0] enabled
[    0.000000] tsc: Detected 2303.998 MHz processor
[    0.370696] Calibrating delay loop (skipped) preset value.. 4607.99 BogoMIPS (lpj=9215992)
[    0.377149] pid_max: default: 32768 minimum: 301
[    0.379903] ACPI: Core revision 20150930
[    0.384467] ACPI: 2 ACPI AML tables successfully acquired and loaded
[    0.388988] Security Framework initialized
[    0.391619] Yama: becoming mindful.
[    0.393860] AppArmor: AppArmor initialized
[    0.396544] Dentry cache hash table entries: 131072 (order: 8, 1048576 bytes)
[    0.403360] Inode-cache hash table entries: 65536 (order: 7, 524288 bytes)
[    0.410320] Mount-cache hash table entries: 2048 (order: 2, 16384 bytes)
[    0.414479] Mountpoint-cache hash table entries: 2048 (order: 2, 16384 bytes)
[    0.420177] Initializing cgroup subsys io
[    0.422742] Initializing cgroup subsys memory
[    0.426617] Initializing cgroup subsys devices
[    0.429897] Initializing cgroup subsys freezer
[    0.432945] Initializing cgroup subsys net_cls
[    0.435805] Initializing cgroup subsys perf_event
[    0.440180] Initializing cgroup subsys net_prio
[    0.443163] Initializing cgroup subsys hugetlb
[    0.446780] Initializing cgroup subsys pids
[    0.450368] mce: CPU supports 0 MCE banks
[    0.453271] Last level iTLB entries: 4KB 0, 2MB 0, 4MB 0
[    0.456639] Last level dTLB entries: 4KB 0, 2MB 0, 4MB 0, 1GB 0
[    0.460400] Spectre V1 : Mitigation: usercopy/swapgs barriers and __user pointer sanitization
[    0.465687] Spectre V2 : Mitigation: Enhanced IBRS
[    0.468646] Spectre V2 : Spectre v2 / SpectreRSB mitigation: Filling RSB on context switch
[    0.473631] Speculative Store Bypass: Vulnerable
[    0.501318] Freeing SMP alternatives memory: 36K
[    0.557426] ftrace: allocating 32380 entries in 127 pages
[    0.922417] smpboot: APIC(0) Converting physical 0 to logical package 0
[    0.926771] smpboot: Max logical packages: 1
[    0.938294] ..TIMER: vector=0x30 apic1=0 pin1=2 apic2=-1 pin2=-1
[    1.050229] APIC calibration not consistent with PM-Timer: 101ms instead of 100ms
[    1.054590] APIC delta adjusted to PM-Timer: 6266431 (6336877)
[    1.058142] smpboot: CPU0: 11th Gen Intel(R) Core(TM) i7-11800H @ 2.30GHz (family: 0x6, model: 0x8d, stepping: 0x1)
[    1.064659] Performance Events: unsupported p6 CPU model 141 no PMU driver, software events only.
[    1.126182] KVM setup paravirtual spinlock
[    1.130876] x86: Booting SMP configuration:
[    1.133256] .... node  #0, CPUs:      #1
[    1.136671] kvm-clock: cpu 1, msr 0:3ffe3041, secondary cpu clock
[    1.139965] mce: CPU supports 0 MCE banks
[    1.143187] TSC synchronization [CPU#0 -> CPU#1]:
[    1.145931] Measured 46752 cycles TSC warp between CPUs, turning off TSC clock.
[    1.150143] tsc: Marking TSC unstable due to check_tsc_sync_source failed
[    0.404147] x86: Booted up 1 node, 2 CPUs
[    0.406496] smpboot: Total of 2 processors activated (9215.99 BogoMIPS)
[    0.412465] devtmpfs: initialized
[    0.416247] evm: security.selinux
[    0.418199] evm: security.SMACK64
[    0.420002] evm: security.SMACK64EXEC
[    0.422250] evm: security.SMACK64TRANSMUTE
[    0.424001] evm: security.SMACK64MMAP
[    0.426223] evm: security.ima
[    0.428001] evm: security.capability
[    0.430277] clocksource: jiffies: mask: 0xffffffff max_cycles: 0xffffffff, max_idle_ns: 7645041785100000 ns
[    0.432009] futex hash table entries: 512 (order: 3, 32768 bytes)
[    0.436241] pinctrl core: initialized pinctrl subsystem
[    0.440258] RTC time: 20:57:03, date: 02/09/23
[    0.444328] NET: Registered protocol family 16
[    0.456016] cpuidle: using governor ladder
[    0.468004] cpuidle: using governor menu
[    0.470247] PCCT header not found.
[    0.472123] ACPI: bus type PCI registered
[    0.474435] acpiphp: ACPI Hot Plug PCI Controller Driver version: 0.5
[    0.476293] PCI: Using configuration type 1 for base access
[    0.496015] ACPI: Added _OSI(Module Device)
[    0.498402] ACPI: Added _OSI(Processor Device)
[    0.500001] ACPI: Added _OSI(3.0 _SCP Extensions)
[    0.502640] ACPI: Added _OSI(Processor Aggregator Device)
[    0.504825] ACPI: Executed 1 blocks of module-level executable AML code
[    0.513570] ACPI: Interpreter enabled
[    0.515710] ACPI: (supports S0 S5)
[    0.516002] ACPI: Using IOAPIC for interrupt routing
[    0.520219] PCI: Using host bridge windows from ACPI; if necessary, use "pci=nocrs" and report a bug
[    0.530836] ACPI: PCI Root Bridge [PCI0] (domain 0000 [bus 00-ff])
[    0.532004] acpi PNP0A03:00: _OSC: OS supports [ASPM ClockPM Segments MSI]
[    0.536395] acpi PNP0A03:00: _OSC: not requesting OS control; OS requires [ExtendedConfig ASPM ClockPM MSI]
[    0.540006] acpi PNP0A03:00: fail to add MMCONFIG information, can't access extended PCI configuration space under this bridge.
[    0.544420] PCI host bridge to bus 0000:00
[    0.548002] pci_bus 0000:00: root bus resource [io  0x0000-0x0cf7 window]
[    0.552002] pci_bus 0000:00: root bus resource [io  0x0d00-0xffff window]
[    0.556002] pci_bus 0000:00: root bus resource [mem 0x000a0000-0x000bffff window]
[    0.560002] pci_bus 0000:00: root bus resource [mem 0x40000000-0xfdffffff window]
[    0.564002] pci_bus 0000:00: root bus resource [bus 00-ff]
[    0.573551] pci 0000:00:01.1: legacy IDE quirk: reg 0x10: [io  0x01f0-0x01f7]
[    0.576003] pci 0000:00:01.1: legacy IDE quirk: reg 0x14: [io  0x03f6]
[    0.580002] pci 0000:00:01.1: legacy IDE quirk: reg 0x18: [io  0x0170-0x0177]
[    0.584003] pci 0000:00:01.1: legacy IDE quirk: reg 0x1c: [io  0x0376]
[    0.605490] pci 0000:00:07.0: quirk: [io  0x4000-0x403f] claimed by PIIX4 ACPI
[    0.608025] pci 0000:00:07.0: quirk: [io  0x4100-0x410f] claimed by PIIX4 SMB
[    0.621605] ACPI: PCI Interrupt Link [LNKA] (IRQs 5 9 10 *11)
[    0.624284] ACPI: PCI Interrupt Link [LNKB] (IRQs 5 9 *10 11)
[    0.629015] ACPI: PCI Interrupt Link [LNKC] (IRQs 5 *9 10 11)
[    0.633439] ACPI: PCI Interrupt Link [LNKD] (IRQs 5 9 10 *11)
[    0.638167] ACPI: Enabled 2 GPEs in block 00 to 07
[    0.640203] vgaarb: setting as boot device: PCI:0000:00:02.0
[    0.643806] vgaarb: device added: PCI:0000:00:02.0,decodes=io+mem,owns=io+mem,locks=none
[    0.644003] vgaarb: loaded
[    0.648015] vgaarb: bridge control possible 0000:00:02.0
[    0.652265] SCSI subsystem initialized
[    0.654756] ACPI: bus type USB registered
[    0.656014] usbcore: registered new interface driver usbfs
[    0.660020] usbcore: registered new interface driver hub
[    0.663121] usbcore: registered new device driver usb
[    0.664331] PCI: Using ACPI for IRQ routing
[    0.668555] NetLabel: Initializing
[    0.672001] NetLabel:  domain hash size = 128
[    0.674499] NetLabel:  protocols = UNLABELED CIPSOv4
[    0.676011] NetLabel:  unlabeled traffic allowed by default
[    0.680099] amd_nb: Cannot enumerate AMD northbridges
[    0.684223] clocksource: Switched to clocksource kvm-clock
[    0.691342] AppArmor: AppArmor Filesystem Enabled
[    0.691342] pnp: PnP ACPI init
[    0.691342] pnp: PnP ACPI: found 3 devices
[    0.742315] clocksource: acpi_pm: mask: 0xffffff max_cycles: 0xffffff, max_idle_ns: 2085701024 ns
[    0.744551] NET: Registered protocol family 2
[    0.750524] TCP established hash table entries: 8192 (order: 4, 65536 bytes)
[    0.754963] TCP bind hash table entries: 8192 (order: 5, 131072 bytes)
[    0.758785] TCP: Hash tables configured (established 8192 bind 8192)
[    0.758785] UDP hash table entries: 512 (order: 2, 16384 bytes)
[    0.758785] UDP-Lite hash table entries: 512 (order: 2, 16384 bytes)
[    0.758785] NET: Registered protocol family 1
[    0.758785] pci 0000:00:00.0: Limiting direct PCI/PCI transfers
[    0.758785] pci 0000:00:01.0: Activating ISA DMA hang workarounds
[    0.758785] Unpacking initramfs...
[    0.758785] Freeing initrd memory: 14888K
[    0.758785] clocksource: tsc: mask: 0xffffffffffffffff max_cycles: 0x2135f5e6f15, max_idle_ns: 440795231538 ns
[    0.758785] platform rtc_cmos: registered platform RTC device (no PNP device found)
[    0.758785] Scanning for low memory corruption every 60 seconds
[    1.027830] audit: initializing netlink subsys (disabled)
[    1.031880] audit: type=2000 audit(1675976228.450:1): initialized
[    1.036364] Initialise system trusted keyring
[    1.040558] HugeTLB registered 2 MB page size, pre-allocated 0 pages
[    1.045962] zbud: loaded
[    1.048137] VFS: Disk quotas dquot_6.6.0
[    1.050412] VFS: Dquot-cache hash table entries: 512 (order 0, 4096 bytes)
[    1.054776] squashfs: version 4.0 (2009/01/31) Phillip Lougher
[    1.059205] fuse init (API version 7.23)
[    1.062119] Key type big_key registered
[    1.064574] Allocating IMA MOK and blacklist keyrings.
[    1.073777] Key type asymmetric registered
[    1.076356] Asymmetric key parser 'x509' registered
[    1.079155] Block layer SCSI generic (bsg) driver version 0.4 loaded (major 249)
[    1.084056] io scheduler noop registered
[    1.086995] io scheduler deadline registered (default)
[    1.090023] io scheduler cfq registered
[    1.092635] pci_hotplug: PCI Hot Plug PCI Core version: 0.5
[    1.095677] pciehp: PCI Express Hot Plug Controller Driver version: 0.4
[    1.099640] ACPI: AC Adapter [AC] (on-line)
[    1.102182] input: Power Button as /devices/LNXSYSTM:00/LNXPWRBN:00/input/input0
[    1.106475] ACPI: Power Button [PWRF]
[    1.109011] input: Sleep Button as /devices/LNXSYSTM:00/LNXSLPBN:00/input/input1
[    1.113461] ACPI: Sleep Button [SLPF]
[    1.116250] GHES: HEST is not enabled!
[    1.117386] ACPI: Battery Slot [BAT0] (battery present)
[    1.122509] Serial: 8250/16550 driver, 32 ports, IRQ sharing enabled
[    1.149743] 00:02: ttyS0 at I/O 0x3f8 (irq = 4, base_baud = 115200) is a 16550A
[    1.163582] Linux agpgart interface v0.103
[    1.174333] loop: module loaded
[    1.178028] scsi host0: ata_piix
[    1.181112] scsi host1: ata_piix
[    1.183109] ata1: PATA max UDMA/33 cmd 0x1f0 ctl 0x3f6 bmdma 0xd000 irq 14
[    1.185057] ata2: PATA max UDMA/33 cmd 0x170 ctl 0x376 bmdma 0xd008 irq 15
[    1.192143] libphy: Fixed MDIO Bus: probed
[    1.194653] tun: Universal TUN/TAP device driver, 1.6
[    1.197704] tun: (C) 1999-2004 Max Krasnyansky <maxk@qualcomm.com>
[    1.201307] PPP generic driver version 2.4.2
[    1.204262] ehci_hcd: USB 2.0 'Enhanced' Host Controller (EHCI) Driver
[    1.207891] ehci-pci: EHCI PCI platform driver
[    1.210583] ehci-platform: EHCI generic platform driver
[    1.213993] ohci_hcd: USB 1.1 'Open' Host Controller (OHCI) Driver
[    1.217814] ohci-pci: OHCI PCI platform driver
[    1.220465] ohci-platform: OHCI generic platform driver
[    1.223601] uhci_hcd: USB Universal Host Controller Interface driver
[    1.227646] i8042: PNP: PS/2 Controller [PNP0303:PS2K,PNP0f03:PS2M] at 0x60,0x64 irq 1,12
[    1.234759] serio: i8042 KBD port at 0x60,0x64 irq 1
[    1.237642] serio: i8042 AUX port at 0x60,0x64 irq 12
[    1.241335] mousedev: PS/2 mouse device common for all mice
[    1.246924] rtc_cmos rtc_cmos: rtc core: registered rtc_cmos as rtc0
[    1.251294] input: AT Translated Set 2 keyboard as /devices/platform/i8042/serio0/input/input2
[    1.256536] rtc_cmos rtc_cmos: alarms up to one day, 114 bytes nvram
[    1.260612] i2c /dev entries driver
[    1.263038] device-mapper: uevent: version 1.0.3
[    1.266111] device-mapper: ioctl: 4.34.0-ioctl (2015-10-28) initialised: dm-devel@redhat.com
[    1.270980] ledtrig-cpu: registered to indicate activity on CPUs
[    1.275681] NET: Registered protocol family 10
[    1.278625] NET: Registered protocol family 17
[    1.281342] Key type dns_resolver registered
[    1.284988] registered taskstats version 1
[    1.287329] Loading compiled-in X.509 certificates
[    1.290492] Loaded X.509 cert 'Build time autogenerated kernel key: cf00e047681d67edb2720680708b7d9498083038'
[    1.296487] zswap: loaded using pool lzo/zbud
[    1.302199] Key type trusted registered
[    1.309463] Key type encrypted registered
[    1.311821] AppArmor: AppArmor sha1 policy hashing enabled
[    1.314946] ima: No TPM chip found, activating TPM-bypass!
[    1.318108] ima: Allocated hash algorithm: sha1
[    1.320768] evm: HMAC attrs: 0x1
[    1.323741]   Magic number: 11:216:1003
[    1.326084] input input0: hash matches
[    1.328448] vc vcs: hash matches
[    1.330677] rtc_cmos rtc_cmos: setting system clock to 2023-02-09 20:57:04 UTC (1675976224)
[    1.336178] BIOS EDD facility v0.16 2004-Jun-25, 0 devices found
[    1.339557] EDD information not available.
[    1.392800] Freeing unused kernel memory: 1492K
[    1.417108] Write protecting the kernel read-only data: 14336k
[    1.421474] Freeing unused kernel memory: 1584K
[    1.424428] Freeing unused kernel memory: 52K
Loading, please wait...
starting version 229
[    1.445686] random: systemd-udevd: uninitialized urandom read (16 bytes read, 5 bits of entropy available)
[    1.445720] random: udevadm: uninitialized urandom read (16 bytes read, 5 bits of entropy available)
[    1.445728] random: udevadm: uninitialized urandom read (16 bytes read, 5 bits of entropy available)
[    1.452364] random: udevadm: uninitialized urandom read (16 bytes read, 5 bits of entropy available)
[    1.452385] random: udevadm: uninitialized urandom read (16 bytes read, 5 bits of entropy available)
[    1.452471] random: udevadm: uninitialized urandom read (16 bytes read, 5 bits of entropy available)
[    1.452511] random: udevadm: uninitialized urandom read (16 bytes read, 5 bits of entropy available)
[    1.452535] random: udevadm: uninitialized urandom read (16 bytes read, 5 bits of entropy available)
[    1.452586] random: udevadm: uninitialized urandom read (16 bytes read, 5 bits of entropy available)
[    1.452607] random: udevadm: uninitialized urandom read (16 bytes read, 5 bits of entropy available)
[    1.529813] e1000: Intel(R) PRO/1000 Network Driver - version 7.3.21-k8-NAPI
[    1.534731] e1000: Copyright (c) 1999-2006 Intel Corporation.
[    1.544490] Fusion MPT base driver 3.04.20
[    1.547474] Copyright (c) 1999-2008 LSI Corporation
[    1.565445] Fusion MPT SPI Host driver 3.04.20
[    1.779714] input: ImExPS/2 Generic Explorer Mouse as /devices/platform/i8042/serio1/input/input4
[    2.076814] e1000 0000:00:03.0 eth0: (PCI:33MHz:32-bit) 02:be:82:6b:cc:1d
[    2.081192] e1000 0000:00:03.0 eth0: Intel(R) PRO/1000 Network Connection
[    2.584350] e1000 0000:00:08.0 eth1: (PCI:33MHz:32-bit) 08:00:27:02:2b:54
[    2.589190] e1000 0000:00:08.0 eth1: Intel(R) PRO/1000 Network Connection
[    2.594448] e1000 0000:00:03.0 enp0s3: renamed from eth0
[    2.599469] mptbase: ioc0: Initiating bringup
[    2.610364] e1000 0000:00:08.0 enp0s8: renamed from eth1
[    2.665755] ioc0: LSI53C1030 A0: Capabilities={Initiator}
[    2.838569] scsi host2: ioc0: LSI53C1030 A0, FwRev=00000000h, Ports=1, MaxQ=256, IRQ=20
[    2.953646] scsi 2:0:0:0: Direct-Access     VBOX     HARDDISK         1.0  PQ: 0 ANSI: 5
[    2.958385] scsi target2:0:0: Beginning Domain Validation
[    2.967245] scsi target2:0:0: Domain Validation skipping write tests
[    2.970855] scsi target2:0:0: Ending Domain Validation
[    2.974672] scsi target2:0:0: asynchronous
[    2.978788] scsi 2:0:1:0: Direct-Access     VBOX     HARDDISK         1.0  PQ: 0 ANSI: 5
[    2.983491] scsi target2:0:1: Beginning Domain Validation
[    2.991848] scsi target2:0:1: Domain Validation skipping write tests
[    2.995407] scsi target2:0:1: Ending Domain Validation
[    3.001155] scsi target2:0:1: asynchronous
[    3.018764] sd 2:0:0:0: Attached scsi generic sg0 type 0
[    3.018983] sd 2:0:0:0: [sda] 83886080 512-byte logical blocks: (42.9 GB/40.0 GiB)
[    3.019514] sd 2:0:0:0: [sda] Write Protect is off
[    3.019777] sd 2:0:0:0: [sda] Incomplete mode parameter data
[    3.019777] sd 2:0:0:0: [sda] Assuming drive cache: write through
[    3.036714]  sda: sda1
[    3.038200] sd 2:0:0:0: [sda] Attached SCSI disk
[    3.042116] sd 2:0:1:0: Attached scsi generic sg1 type 0
[    3.042415] sd 2:0:1:0: [sdb] 20480 512-byte logical blocks: (10.5 MB/10.0 MiB)
[    3.042805] sd 2:0:1:0: [sdb] Write Protect is off
[    3.043066] sd 2:0:1:0: [sdb] Incomplete mode parameter data
[    3.043067] sd 2:0:1:0: [sdb] Assuming drive cache: write through
[    3.047725] sd 2:0:1:0: [sdb] Attached SCSI disk
Begin: Loading essential drivers ... [    4.479966] md: linear personality registered for level -1
[    4.486202] md: multipath personality registered for level -4
[    4.492643] md: raid0 personality registered for level 0
[    4.505459] md: raid1 personality registered for level 1
[    4.639735] raid6: sse2x1   gen() 32320 MB/s
[    6.637228] raid6: sse2x1   xor() 194553 MB/s
[    7.638417] raid6: sse2x2   gen() 384259 MB/s
[    9.637597] raid6: sse2x2   xor() 260460 MB/s
[    9.716176] raid6: sse2x4   gen() 24226 MB/s
[    9.790810] raid6: sse2x4   xor() 15103 MB/s
[    9.794606] raid6: using algorithm sse2x2 gen() 384259 MB/s
[    9.798194] raid6: .... xor() 260460 MB/s, rmw enabled
[    9.801459] raid6: using ssse3x2 recovery algorithm
[    9.806056] xor: measuring software checksum speed
[    9.848253]    prefetch64-sse: 26803.000 MB/sec
[    9.888120]    generic_sse: 22749.000 MB/sec
[    9.890801] xor: using function: prefetch64-sse (26803.000 MB/sec)
[    9.896287] async_tx: api initialized (async)
[    9.923551] md: raid6 personality registered for level 6
[    9.927520] md: raid5 personality registered for level 5
[    9.930911] md: raid4 personality registered for level 4
[    9.946960] md: raid10 personality registered for level 10
done.
Begin: Running /scripts/init-premount ... done.
Begin: Mounting root file system ... Begin: Running /scripts/local-top ... done.
Begin: Running /scripts/local-premount ... [   10.003653] Btrfs loaded
Scanning for Btrfs filesystems
done.
Warning: fsck not present, so skipping root file system
[   10.051732] EXT4-fs (sda1): mounted filesystem with ordered data mode. Opts: (null)
done.
Begin: Running /scripts/local-bottom ... done.
Begin: Running /scripts/init-bottom ... done.
[   10.171922] systemd[1]: systemd 229 running in system mode. (+PAM +AUDIT +SELINUX +IMA +APPARMOR +SMACK +SYSVINIT +UTMP +LIBCRYPTSETUP +GCRYPT +GNUTLS +ACL +XZ -LZ4 +SECCOMP +BLKID +ELFUTILS +KMOD -IDN)
[   10.183687] systemd[1]: Detected virtualization oracle.
[   10.187616] systemd[1]: Detected architecture x86-64.

Welcome to [1mUbuntu 16.04.7 LTS[0m!

[   10.205658] systemd[1]: Set hostname to <ubuntu>.
[   10.212479] systemd[1]: Initializing machine ID from random generator.
[   10.216731] systemd[1]: Installed transient /etc/machine-id file.
[   10.354942] systemd[1]: Reached target Encrypted Volumes.
[[0;32m  OK  [0m] Reached target Encrypted Volumes.
[   10.363044] systemd[1]: Listening on Journal Audit Socket.
[[0;32m  OK  [0m] Listening on Journal Audit Socket.
[   10.370241] systemd[1]: Reached target System Time Synchronized.
[[0;32m  OK  [0m] Reached target System Time Synchronized.
[   10.378386] systemd[1]: Listening on Journal Socket.
[[0;32m  OK  [0m] Listening on Journal Socket.
[   10.385390] systemd[1]: Listening on udev Control Socket.
[[0;32m  OK  [0m] Listening on udev Control Socket.
[   10.391574] systemd[1]: Listening on /dev/initctl Compatibility Named Pipe.
[[0;32m  OK  [0m] Listening on /dev/initctl Compatibility Named Pipe.
[   10.398690] systemd[1]: Listening on Syslog Socket.
[[0;32m  OK  [0m] Listening on Syslog Socket.
[   10.405426] systemd[1]: Listening on Journal Socket (/dev/log).
[[0;32m  OK  [0m] Listening on Journal Socket (/dev/log).
[   10.413358] systemd[1]: Set up automount Arbitrary Executable File Formats File System Automount Point.
[[0;32m  OK  [0m] Set up automount Arbitrary Executab...ats File System Automount Point.
[   10.423397] systemd[1]: Started Trigger resolvconf update for networkd DNS.
[[0;32m  OK  [0m] Started Trigger resolvconf update for networkd DNS.
[   10.431536] systemd[1]: Created slice User and Session Slice.
[[0;32m  OK  [0m] Created slice User and Session Slice.
[   10.439018] systemd[1]: Reached target User and Group Name Lookups.
[[0;32m  OK  [0m] Reached target User and Group Name Lookups.
[   10.446667] systemd[1]: Listening on LVM2 metadata daemon socket.
[[0;32m  OK  [0m] Listening on LVM2 metadata daemon socket.
[   10.454547] systemd[1]: Listening on fsck to fsckd communication Socket.
[[0;32m  OK  [0m] Listening on fsck to fsckd communication Socket.
[   10.462248] systemd[1]: Started Forward Password Requests to Wall Directory Watch.
[[0;32m  OK  [0m] Started Forward Password Requests to Wall Directory Watch.
[   10.470854] systemd[1]: Created slice System Slice.
[[0;32m  OK  [0m] Created slice System Slice.
[   10.488323] systemd[1]: Starting File System Check on Root Device...
         Starting File System Check on Root Device...
[   10.497448] systemd[1]: Created slice system-serial\x2dgetty.slice.
[[0;32m  OK  [0m] Created slice system-serial\x2dgetty.slice.
[   10.507439] systemd[1]: Starting Set console keymap...
         Starting Set console keymap...
[   10.517876] systemd[1]: Starting Uncomplicated firewall...
         Starting Uncomplicated firewall...
[   10.526292] systemd[1]: Starting Nameserver information manager...
         Starting Nameserver information manager...
[   10.536782] systemd[1]: Starting Journal Service...
         Starting Journal Service...
[   10.545734] systemd[1]: Mounting Huge Pages File System...
         Mounting Huge Pages File System...
[   10.554364] systemd[1]: Mounting POSIX Message Queue File System...
         Mounting POSIX Message Queue File System...
[   10.562182] systemd[1]: Reached target Swap.
[[0;32m  OK  [0m] Reached target Swap.
[   10.569232] systemd[1]: Mounting Debug File System...
         Mounting Debug File System...
[   10.575499] systemd[1]: Listening on Device-mapper event daemon FIFOs.
[[0;32m  OK  [0m] Listening on Device-mapper event daemon FIFOs.
[   10.584619] systemd[1]: Starting Monitoring of LVM2 mirrors, snapshots etc. using dmeventd or progress polling...
         Starting Monitoring of LVM2 mirrors... dmeventd or progress polling...
[   10.598115] systemd[1]: Starting Load Kernel Modules...
         Starting Load Kernel Modules...
[   10.607903] systemd[1]: Listening on udev Kernel Socket.
[[0;32m  OK  [0m] Listening on udev Kernel Socket.
[   10.616211] systemd[1]: Reached target Slices.
[[0;32m  OK  [0m[   10.621872] Loading iSCSI transport class v2.0-870.
] Reached target Slices.
[   10.625692] systemd[1]: Listening on LVM2 poll daemon socket.
[[0;32m  OK  [0m] Listening on LVM2 poll daemon socket.
[   10.637734] iscsi: registered transport (tcp)
[   10.656237] systemd[1]: Starting Create list of required static device nodes for the current kernel...
         Starting Create list of required st... nodes for the current kernel...
[   10.671908] systemd[1]: Mounted Huge Pages File System.
[[0;32m  OK  [0m] Mounted Huge Pages File System.
[   10.681028] systemd[1]: Mounted POSIX Message Queue File System.
[[0;32m  OK  [0m] Mounted POSIX Message Queue File System.
[   10.690900] systemd[1]: Mounted Debug File System.
[[0;32m  OK  [0m] Mounted Debug File System.
[   10.700769] systemd[1]: Started Journal Service.
[[0;32m  OK  [0m] Started Journal Service.
[[0;32m  OK  [0m] Started File System Check on Root Device.
[[0;32m  OK  [0m] Started Set console keymap.[   10.717556] iscsi: registered transport (iser)

[[0;32m  OK  [0m] Started Uncomplicated firewall.
[[0;32m  OK  [0m] Started Load Kernel Modules.
[[0;32m  OK  [0m] Started Create list of required sta...ce nodes for the current kernel.
[[0;32m  OK  [0m] Started Nameserver information manager.
[[0;32m  OK  [0m] Started LVM2 metadata daemon.
[[0;32m  OK  [0m] Started File System Check Daemon to report status.
         Starting Create Static Device Nodes in /dev...
         Starting Apply Kernel Variables...
         Mounting FUSE Control File System...
         Starting Remount Root and Kernel File Systems...
[[0;32m  OK  [0m] Mounted FUSE Control File System.
[[0;32m  OK  [0m] Started Create Static Device Nodes in /dev.
[[0;32m  OK  [0m] Started Apply Kernel Variables.
[[0;32m  OK  [0m] Started Remount Root and Kernel File Systems.
         Starting udev Coldplug all Devices...
         Starting Flush Journal to Persistent Storage...
         Starting Load/Save Random Seed...
         Starting udev Kernel Device Manager...
[[0;32m  OK  [0m] Started Load/Save Random Seed.
[[0;32m  OK  [0m] Started Flush Journal to Persistent Storage.
[[0;32m  OK  [0m] Started udev Kernel Device Manager.
[[0;32m  OK  [0m] Started udev Coldplug all Devices.
[[0;32m  OK  [0m] Started Dispatch Password Requests to Console Directory Watch.
[[0;32m  OK  [0m] Found device /dev/ttyS0.
[[0;32m  OK  [0m] Listening on Load/Save RF Kill Switch Status /dev/rfkill Watch.
[[0;32m  OK  [0m] Started Monitoring of LVM2 mirrors,...ng dmeventd or progress polling.
[[0;32m  OK  [0m] Reached target Local File Systems (Pre).
[[0;32m  OK  [0m] Reached target Local File Systems.
         Starting LSB: AppArmor initialization...
         Starting Initial cloud-init job (pre-networking)...
         Starting Create Volatile Files and Directories...
         Starting Set console font and keymap...
         Starting Tell Plymouth To Write Out Runtime Data...
         Starting Commit a transient machine-id on disk...
[[0;32m  OK  [0m] Started Create Volatile Files and Directories.
[[0;32m  OK  [0m] Started Tell Plymouth To Write Out Runtime Data.
         Starting Update UTMP about System Boot/Shutdown...
[[0;32m  OK  [0m] Started Update UTMP about System Boot/Shutdown.
[[0;32m  OK  [0m] Started Commit a transient machine-id on disk.
[[0;32m  OK  [0m] Started LSB: AppArmor initialization.
         Starting Load AppArmor profiles managed internally by snapd...
[[0;32m  OK  [0m] Started Set console font and keymap.
[[0;32m  OK  [0m] Started Load AppArmor profiles managed internally by snapd.
[[0;32m  OK  [0m] Created slice system-getty.slice.
[   12.591230] cloud-init[603]: Cloud-init v. 21.1-19-gbad84ad4-0ubuntu1~16.04.2 running 'init-local' at Thu, 09 Feb 2023 20:57:15 +0000. Up 12.41 seconds.
[[0;32m  OK  [0m] Started Initial cloud-init job (pre-networking).
[[0;32m  OK  [0m] Reached target Network (Pre).
         Starting Raise network interfaces...
[[0;32m  OK  [0m] Started Raise network interfaces.
         Starting Initial cloud-init job (metadata service crawler)...
[[0;32m  OK  [0m] Reached target Network.
[   13.315368] cloud-init[940]: Cloud-init v. 21.1-19-gbad84ad4-0ubuntu1~16.04.2 running 'init' at Thu, 09 Feb 2023 20:57:16 +0000. Up 12.98 seconds.
[   13.318682] cloud-init[940]: ci-info: ++++++++++++++++++++++++++++++++++++++Net device info+++++++++++++++++++++++++++++++++++++++
[   13.322107] cloud-init[940]: ci-info: +--------+-------+----------------------------+---------------+--------+-------------------+
[   13.333211] cloud-init[940]: ci-info: | Device |   Up  |          Address           |      Mask     | Scope  |     Hw-Address    |
[   13.336402] cloud-init[940]: ci-info: +--------+-------+----------------------------+---------------+--------+-------------------+
[   13.339403] cloud-init[940]: ci-info: | enp0s3 |  True |         10.0.2.15          | 255.255.255.0 | global | 02:be:82:6b:cc:1d |
[   13.342713] cloud-init[940]: ci-info: | enp0s3 |  True | fe80::be:82ff:fe6b:cc1d/64 |       .       |  link  | 02:be:82:6b:cc:1d |
[   13.345753] cloud-init[940]: ci-info: | enp0s8 | False |             .              |       .       |   .    | 08:00:27:02:2b:54 |
[   13.349064] cloud-init[940]: ci-info: |   lo   |  True |         127.0.0.1          |   255.0.0.0   |  host  |         .         |
[   13.352282] cloud-init[940]: ci-info: |   lo   |  True |          ::1/128           |       .       |  host  |         .         |
[   13.355297] cloud-init[940]: ci-info: +--------+-------+----------------------------+---------------+--------+-------------------+
[   13.358352] cloud-init[940]: ci-info: +++++++++++++++++++++++++++Route IPv4 info++++++++++++++++++++++++++++
[   13.361078] cloud-init[940]: ci-info: +-------+-------------+----------+---------------+-----------+-------+
[   13.361925] cloud-init[940]: ci-info: | Route | Destination | Gateway  |    Genmask    | Interface | Flags |
[   13.361959] cloud-init[940]: ci-info: +-------+-------------+----------+---------------+-----------+-------+
[   13.362245] cloud-init[940]: ci-info: |   0   |   0.0.0.0   | 10.0.2.2 |    0.0.0.0    |   enp0s3  |   UG  |
[   13.362428] cloud-init[940]: ci-info: |   1   |   10.0.2.0  | 0.0.0.0  | 255.255.255.0 |   enp0s3  |   U   |
[   13.362625] cloud-init[940]: ci-info: +-------+-------------+----------+---------------+-----------+-------+
[   13.362823] cloud-init[940]: ci-info: +++++++++++++++++++Route IPv6 info+++++++++++++++++++
[   13.363024] cloud-init[940]: ci-info: +-------+-------------+---------+-----------+-------+
[   13.363225] cloud-init[940]: ci-info: | Route | Destination | Gateway | Interface | Flags |
[   13.363422] cloud-init[940]: ci-info: +-------+-------------+---------+-----------+-------+
[   13.363636] cloud-init[940]: ci-info: |   0   |  fe80::/64  |    ::   |   enp0s3  |   U   |
[   13.363831] cloud-init[940]: ci-info: |   3   |   ff00::/8  |    ::   |   enp0s3  |   U   |
[   13.364023] cloud-init[940]: ci-info: +-------+-------------+---------+-----------+-------+
[   13.364482] cloud-init[940]: Generating public/private rsa key pair.
[   13.364675] cloud-init[940]: Your identification has been saved in /etc/ssh/ssh_host_rsa_key.
[   13.364873] cloud-init[940]: Your public key has been saved in /etc/ssh/ssh_host_rsa_key.pub.
[   13.365088] cloud-init[940]: The key fingerprint is:
[   13.365295] cloud-init[940]: SHA256:0nmxi4SfCSP8iKCIRt3dh5oKNL+hTCeYAL/byWT9bdI root@ubuntu-xenial
[   13.365492] cloud-init[940]: The key's randomart image is:
[   13.365723] cloud-init[940]: +---[RSA 2048]----+
[   13.365904] cloud-init[940]: |                 |
[   13.366127] cloud-init[940]: |                 |
[   13.366329] cloud-init[940]: |.         .      |
[   13.366529] cloud-init[940]: |..... .o...o     |
[   13.366728] cloud-init[940]: |o..+o.=.Soo.     |
[   13.366927] cloud-init[940]: |*.+oo= *o=..     |
[   13.367110] cloud-init[940]: |++o+++oo=..      |
[   13.367306] cloud-init[940]: |. o*=.+...E      |
[   13.367492] cloud-init[940]: |  .o+o  .o.      |
[   13.367691] cloud-init[940]: +----[SHA256]-----+
[   13.367885] cloud-init[940]: Generating public/private dsa key pair.
[   13.368242] cloud-init[940]: Your identification has been saved in /etc/ssh/ssh_host_dsa_key.
[   13.368509] cloud-init[940]: Your public key has been saved in /etc/ssh/ssh_host_dsa_key.pub.
[   13.368707] cloud-init[940]: The key fingerprint is:
[   13.368919] cloud-init[940]: SHA256:MbGqdB13EB1ggGftvCe/L+tHK1nmyuHnV5HoTWrCIpc root@ubuntu-xenial
[   13.369106] cloud-init[940]: The key's randomart image is:
[   13.369304] cloud-init[940]: +---[DSA 1024]----+
[   13.369504] cloud-init[940]: |       .oo=+..   |
[   13.369703] cloud-init[940]: |      . o+...    |
[   13.369900] cloud-init[940]: |       o=o. . . .|
[   13.370109] cloud-init[940]: |       o =o. . + |
[   13.370309] cloud-init[940]: |    . o S o.. + .|
[   13.370520] cloud-init[940]: |   . o . Eoo.++..|
[   13.370706] cloud-init[940]: |    .   o .++* ..|
[   13.370905] cloud-init[940]: |           o=.= .|
[   13.371081] cloud-init[940]: |           .B@o. |
[   13.371272] cloud-init[940]: +----[SHA256]-----+
[   13.371463] cloud-init[940]: Generating public/private ecdsa key pair.
[   13.371663] cloud-init[940]: Your identification has been saved in /etc/ssh/ssh_host_ecdsa_key.
[   13.371858] cloud-init[940]: Your public key has been saved in /etc/ssh/ssh_host_ecdsa_key.pub.
[   13.372599] cloud-init[940]: The key fingerprint is:
[   13.372853] cloud-init[940]: SHA256:SejF+CZG8i9Yp7qDbxEl4YP8oAASNyBFyFcjbPSw0rI root@ubuntu-xenial
[   13.373034] cloud-init[940]: The key's randomart image is:
[   13.373067] cloud-init[940]: +---[ECDSA 256]---+
[   13.373326] cloud-init[940]: |B*B+o+           |
[   13.373528] cloud-init[940]: |=+.B* o+         |
[   13.373725] cloud-init[940]: |.o*o+++ +        |
[   13.373950] cloud-init[940]: |..+o.* + .       |
[   13.374119] cloud-init[940]: |.E  ..* S        |
[   13.374319] cloud-init[940]: |    .+ *         |
[   13.374517] cloud-init[940]: |   ...o .        |
[   13.374715] cloud-init[940]: |  . o. .         |
[   13.374913] cloud-init[940]: |   o+o           |
[   13.375124] cloud-init[940]: +----[SHA256]-----+
[   13.375311] cloud-init[940]: Generating public/private ed25519 key pair.
[   13.375510] cloud-init[940]: Your identification has been saved in /etc/ssh/ssh_host_ed25519_key.
[   13.375708] cloud-init[940]: Your public key has been saved in /etc/ssh/ssh_host_ed25519_key.pub.
[   13.375934] cloud-init[940]: The key fingerprint is:
[   13.376393] cloud-init[940]: SHA256:9nTkaUZi15+La1eXqk0wFCYOlsaXaEJV8htZAQQYTJg root@ubuntu-xenial
[   13.376588] cloud-init[940]: The key's randomart image is:
[   13.376786] cloud-init[940]: +--[ED25519 256]--+
[   13.376984] cloud-init[940]: |    *+=**=o=.    |
[   13.377167] cloud-init[940]: |   E +.*=o= ..   |
[   13.377459] cloud-init[940]: |      + .=o.+ .  |
[   13.427741] cloud-init[940]: |         .+* . ..|
[   13.427899] cloud-init[940]: |        S..o*  .o|
[   13.428336] cloud-init[940]: |       . o +o ..+|
[   13.428533] cloud-init[940]: |          .  o..o|
[   13.428728] cloud-init[940]: |            oo.. |
[   13.428926] cloud-init[940]: |           .oo.  |
[   13.429145] cloud-init[940]: +----[SHA256]-----+
[[0;32m  OK  [0m] Started Initial cloud-init job (metadata service crawler).
[[0;32m  OK  [0m] Reached target Cloud-config availability.
[[0;32m  OK  [0m] Reached target System Initialization.
[[0;32m  OK  [0m] Started Daily apt download activities.
         Starting Socket activation for snappy daemon.
[[0;32m  OK  [0m] Started Message of the Day.
[[0;32m  OK  [0m] Listening on D-Bus System Message Bus Socket.
[[0;32m  OK  [0m] Started ACPI Events Check.
[[0;32m  OK  [0m] Reached target Paths.
[[0;32m  OK  [0m] Started Daily Cleanup of Temporary Directories.
[[0;32m  OK  [0m] Listening on ACPID Listen Socket.
[[0;32m  OK  [0m] Started Daily apt upgrade and clean activities.
[[0;32m  OK  [0m] Listening on UUID daemon activation socket.
[[0;32m  OK  [0m] Started Ubuntu Advantage update messaging.
[[0;32m  OK  [0m] Reached target Timers.
         Starting LXD - unix socket.
[[0;32m  OK  [0m] Reached target Network is Online.
         Starting iSCSI initiator daemon (iscsid)...
[[0;32m  OK  [0m] Listening on Socket activation for snappy daemon.
[[0;32m  OK  [0m] Listening on LXD - unix socket.
[[0;32m  OK  [0m] Reached target Sockets.
[[0;32m  OK  [0m] Reached target Basic System.
         Starting Accounts Service...
         Starting LXD - container startup/shutdown...
[[0;32m  OK  [0m] Started Regular background program processing daemon.
[[0;32m  OK  [0m] Started Deferred execution scheduler.
         Starting System Logging Service...
         Starting Login Service...
[[0;32m  OK  [0m] Started FUSE filesystem for LXC.
         Starting LSB: MD monitoring daemon...
[[0;32m  OK  [0m] Started ACPI event daemon.
         Starting LSB: Record successful boot for GRUB...
         Starting /etc/rc.local Compatibility...
         Starting Virtualbox guest utils...
[[0;32m  OK  [0m] Started D-Bus System Message Bus.
         Starting Snap Daemon...
         Starting Pollinate to seed the pseudo random number generator...
[[0;32m  OK  [0m] Started System Logging Service.
[[0;32m  OK  [0m] Started iSCSI initiator daemon (iscsid).
[[0;32m  OK  [0m] Started LXD - container startup/shutdown.
[[0;32m  OK  [0m] Started /etc/rc.local Compatibility.
[[0;32m  OK  [0m] Started LSB: Record successful boot for GRUB.
[[0;32m  OK  [0m] Started LSB: MD monitoring daemon.
[[0;32m  OK  [0m] Started Login Service.
[[0;32m  OK  [0m] Started Unattended Upgrades Shutdown.
         Starting Authenticate and Authorize Users to Run Privileged Tasks...
         Starting Login to default iSCSI targets...
[[0;32m  OK  [0m] Started Login to default iSCSI targets.
[[0;32m  OK  [0m] Reached target Remote File Systems (Pre).
[[0;32m  OK  [0m] Reached target Remote File Systems.
         Starting LSB: daemon to balance interrupts for SMP systems...
         Starting Permit User Sessions...
         Starting LSB: Set the CPU Frequency Scaling governor to "ondemand"...
         Starting LSB: automatic crash report generation...
[[0;32m  OK  [0m] Started Permit User Sessions.
[[0;32m  OK  [0m] Started Authenticate and Authorize Users to Run Privileged Tasks.
[[0;32m  OK  [0m] Started Accounts Service.
         Starting Terminate Plymouth Boot Screen...
         Starting Hold until boot process finishes up...
[[0;32m  OK  [0m] Started Virtualbox guest utils.
[[0;32m  OK  [0m] Started LSB: daemon to balance interrupts for SMP systems.
[[0;32m  OK  [0m] Started LSB: Set the CPU Frequency Scaling governor to "ondemand".
[[0;32m  OK  [0m] Started Terminate Plymouth Boot Screen.
[[0;32m  OK  [0m] Started Hold until boot process finishes up.
[[0;32m  OK  [0m] Started Getty on tty1.
[[0;32m  OK  [0m] Started Serial Getty on ttyS0.
[[0;32m  OK  [0m] Reached target Login Prompts.
         Starting Set console scheme...
[[0;32m  OK  [0m] Started LSB: automatic crash report generation.
[[0;32m  OK  [0m] Started Set console scheme.
[[0;32m  OK  [0m] Started Pollinate to seed the pseudo random number generator.
         Starting OpenBSD Secure Shell server...
[[0;32m  OK  [0m] Started Snap Daemon.
         Starting Wait until snapd is fully seeded...
[[0;32m  OK  [0m] Started OpenBSD Secure Shell server.
[[0;32m  OK  [0m] Started Wait until snapd is fully seeded.
         Starting Apply the settings specified in cloud-config...
[[0;32m  OK  [0m] Reached target Multi-User System.
[[0;32m  OK  [0m] Reached target Graphical Interface.
         Starting Update UTMP about System Runlevel Changes...
[[0;32m  OK  [0m] Started Update UTMP about System Runlevel Changes.
[   15.486343] cloud-init[1278]: Generating locales (this might take a while)...
[   16.129643] cloud-init[1278]:   en_US.UTF-8... done
[   16.135665] cloud-init[1278]: Generation complete.
[   16.338560] cloud-init[1278]: Cloud-init v. 21.1-19-gbad84ad4-0ubuntu1~16.04.2 running 'modules:config' at Thu, 09 Feb 2023 20:57:18 +0000. Up 15.41 seconds.
[[0;32m  OK  [0m] Started Apply the settings specified in cloud-config.
         Starting Execute cloud user/final scripts...
ci-info: no authorized SSH keys fingerprints found for user ubuntu.
<14>Feb  9 20:57:19 ec2: 
<14>Feb  9 20:57:19 ec2: #############################################################
<14>Feb  9 20:57:19 ec2: -----BEGIN SSH HOST KEY FINGERPRINTS-----
<14>Feb  9 20:57:19 ec2: 1024 SHA256:MbGqdB13EB1ggGftvCe/L+tHK1nmyuHnV5HoTWrCIpc root@ubuntu-xenial (DSA)
<14>Feb  9 20:57:19 ec2: 256 SHA256:SejF+CZG8i9Yp7qDbxEl4YP8oAASNyBFyFcjbPSw0rI root@ubuntu-xenial (ECDSA)
<14>Feb  9 20:57:19 ec2: 256 SHA256:9nTkaUZi15+La1eXqk0wFCYOlsaXaEJV8htZAQQYTJg root@ubuntu-xenial (ED25519)
<14>Feb  9 20:57:19 ec2: 2048 SHA256:0nmxi4SfCSP8iKCIRt3dh5oKNL+hTCeYAL/byWT9bdI root@ubuntu-xenial (RSA)
<14>Feb  9 20:57:19 ec2: -----END SSH HOST KEY FINGERPRINTS-----
<14>Feb  9 20:57:19 ec2: #############################################################
-----BEGIN SSH HOST KEY KEYS-----
ecdsa-sha2-nistp256 AAAAE2VjZHNhLXNoYTItbmlzdHAyNTYAAAAIbmlzdHAyNTYAAABBBFAvkv9PHvIeC2dEiD8BwlKt+yUiaVkdJRo+Lis5Fc6NcpKG3YELkg2oUKMQ6FS+nzkFYJNLID4hF+0+yxufn3M= root@ubuntu-xenial
ssh-ed25519 AAAAC3NzaC1lZDI1NTE5AAAAIJ1PJe0tET+JbgPhRgJFOI24CLsDDE1eNssvLFr9SFWf root@ubuntu-xenial
ssh-rsa AAAAB3NzaC1yc2EAAAADAQABAAABAQDsVroitBaV0wS9GYYv9n0bCFPkBSur4jqrYBhlTaaP8IARDX/hiVCdqvcrjUQXyEIVzE0lN1zhoiDJ4wriH8pybXR5qnOBOpu3oktFl4QrXlrcX7GM6k/7FEj0bXawnDyEiVA00d0Hi8JDnZlJEX9rQgxyJ2Z9Ctv/hQevc81Ohlf6+0IoPBpvpw8KsbgmUmf5oBEqs+YAhw+8whUF3ss0hhfPAsB9V+oFelNcE6gO/kNj0HecpPjRzy/jaIsVwZ+mj/b6QeJCinh4xen4F/LlwwFqcvhXpKeu0cFia88D6PvQQmaRjwksvUjzan30AKnyntjcrmNFpZ8XXuZJL0A1 root@ubuntu-xenial
-----END SSH HOST KEY KEYS-----
[   16.621566] cloud-init[1321]: Cloud-init v. 21.1-19-gbad84ad4-0ubuntu1~16.04.2 running 'modules:final' at Thu, 09 Feb 2023 20:57:19 +0000. Up 16.50 seconds.
[   16.625253] cloud-init[1321]: ci-info: no authorized SSH keys fingerprints found for user ubuntu.
[   16.628303] cloud-init[1321]: Cloud-init v. 21.1-19-gbad84ad4-0ubuntu1~16.04.2 finished at Thu, 09 Feb 2023 20:57:19 +0000. Datasource DataSourceNoCloud [seed=/dev/sdb][dsmode=net].  Up 16.61 seconds
[[0;32m  OK  [0m] Started Execute cloud user/final scripts.
[[0;32m  OK  [0m] Reached target Cloud-init target.

Ubuntu 16.04.7 LTS ubuntu-xenial ttyS0

ubuntu-xenial login: 